<?xml version="1.0" encoding="UTF-8"?>
<testng-results ignored="0" total="2" passed="2" failed="0" skipped="0">
  <reporter-output>
  </reporter-output>
  <suite started-at="2025-03-17T00:16:23 IST" name="Regression Suite" finished-at="2025-03-17T00:16:32 IST" duration-ms="8577">
    <groups>
    </groups>
    <test started-at="2025-03-17T00:16:23 IST" name="test" finished-at="2025-03-17T00:16:32 IST" duration-ms="8577">
      <class name="Utils.TestngClass">
        <test-method is-config="true" signature="loginHomePage()[pri:0, instance:Utils.TestngClass@1b6e1eff]" started-at="2025-03-17T00:16:23 IST" name="loginHomePage" finished-at="2025-03-17T00:16:28 IST" duration-ms="4343" status="PASS">
          <reporter-output>
          </reporter-output>
        </test-method> <!-- loginHomePage -->
        <test-method signature="few_actions_verified()[pri:0, instance:Utils.TestngClass@1b6e1eff]" started-at="2025-03-17T00:16:28 IST" name="few_actions_verified" finished-at="2025-03-17T00:16:28 IST" duration-ms="707" status="PASS">
          <reporter-output>
          </reporter-output>
        </test-method> <!-- few_actions_verified -->
        <test-method signature="scrollVerticallyDownwardsVerified()[pri:0, instance:Utils.TestngClass@1b6e1eff]" started-at="2025-03-17T00:16:28 IST" name="scrollVerticallyDownwardsVerified" finished-at="2025-03-17T00:16:31 IST" duration-ms="3109" status="PASS">
          <reporter-output>
          </reporter-output>
        </test-method> <!-- scrollVerticallyDownwardsVerified -->
        <test-method is-config="true" signature="tearDown()[pri:0, instance:Utils.TestngClass@1b6e1eff]" started-at="2025-03-17T00:16:31 IST" name="tearDown" finished-at="2025-03-17T00:16:32 IST" duration-ms="286" status="PASS">
          <reporter-output>
          </reporter-output>
        </test-method> <!-- tearDown -->
      </class> <!-- Utils.TestngClass -->
    </test> <!-- test -->
  </suite> <!-- Regression Suite -->
</testng-results>
